<?xml version="1.0" encoding="UTF-8"?>
<testsuite xmlns:xsi="http://www.w3.org/2001/XMLSchema-instance" xsi:noNamespaceSchemaLocation="https://maven.apache.org/surefire/maven-surefire-plugin/xsd/surefire-test-report-3.0.xsd" version="3.0" name="gal.uvigo.esei.aed2.solactividad7.SolActividad7Test" time="0.07" tests="19" errors="0" skipped="0" failures="0">
  <properties>
    <property name="java.specification.version" value="21"/>
    <property name="sun.cpu.isalist" value="amd64"/>
    <property name="sun.jnu.encoding" value="Cp1252"/>
    <property name="java.class.path" value="C:\Users\nicol\Documents\NetBeansProjects\SolActividad7\target\test-classes;C:\Users\nicol\Documents\NetBeansProjects\SolActividad7\target\classes;C:\Users\nicol\.m2\repository\esei\aed2\tads-aed-2\1.0\tads-aed-2-1.0.jar;C:\Users\nicol\.m2\repository\esei\aed1\tads-aed-1\1.0\tads-aed-1-1.0.jar;C:\Users\nicol\.m2\repository\junit\junit\4.13.2\junit-4.13.2.jar;C:\Users\nicol\.m2\repository\org\hamcrest\hamcrest-core\1.3\hamcrest-core-1.3.jar;"/>
    <property name="java.vm.vendor" value="Oracle Corporation"/>
    <property name="sun.arch.data.model" value="64"/>
    <property name="user.variant" value=""/>
    <property name="java.vendor.url" value="https://java.oracle.com/"/>
    <property name="user.timezone" value="Europe/Madrid"/>
    <property name="os.name" value="Windows 10"/>
    <property name="java.vm.specification.version" value="21"/>
    <property name="user.country" value="GB"/>
    <property name="sun.java.launcher" value="SUN_STANDARD"/>
    <property name="sun.boot.library.path" value="C:\Program Files\Java\jdk-21\bin"/>
    <property name="sun.java.command" value="C:\Users\nicol\AppData\Local\Temp\surefire13199417611338107026\surefirebooter-20241119150521690_3.jar C:\Users\nicol\AppData\Local\Temp\surefire13199417611338107026 2024-11-19T15-05-21_589-jvmRun1 surefire-20241119150521690_1tmp surefire_0-20241119150521690_2tmp"/>
    <property name="jdk.debug" value="release"/>
    <property name="test" value="gal.uvigo.esei.aed2.solactividad7.SolActividad7Test"/>
    <property name="surefire.test.class.path" value="C:\Users\nicol\Documents\NetBeansProjects\SolActividad7\target\test-classes;C:\Users\nicol\Documents\NetBeansProjects\SolActividad7\target\classes;C:\Users\nicol\.m2\repository\esei\aed2\tads-aed-2\1.0\tads-aed-2-1.0.jar;C:\Users\nicol\.m2\repository\esei\aed1\tads-aed-1\1.0\tads-aed-1-1.0.jar;C:\Users\nicol\.m2\repository\junit\junit\4.13.2\junit-4.13.2.jar;C:\Users\nicol\.m2\repository\org\hamcrest\hamcrest-core\1.3\hamcrest-core-1.3.jar;"/>
    <property name="sun.cpu.endian" value="little"/>
    <property name="user.home" value="C:\Users\nicol"/>
    <property name="user.language" value="en"/>
    <property name="java.specification.vendor" value="Oracle Corporation"/>
    <property name="java.version.date" value="2024-01-16"/>
    <property name="java.home" value="C:\Program Files\Java\jdk-21"/>
    <property name="file.separator" value="\"/>
    <property name="basedir" value="C:\Users\nicol\Documents\NetBeansProjects\SolActividad7"/>
    <property name="java.vm.compressedOopsMode" value="Zero based"/>
    <property name="line.separator" value="&#10;"/>
    <property name="java.vm.specification.vendor" value="Oracle Corporation"/>
    <property name="java.specification.name" value="Java Platform API Specification"/>
    <property name="surefire.real.class.path" value="C:\Users\nicol\AppData\Local\Temp\surefire13199417611338107026\surefirebooter-20241119150521690_3.jar"/>
    <property name="user.script" value=""/>
    <property name="sun.management.compiler" value="HotSpot 64-Bit Tiered Compilers"/>
    <property name="java.runtime.version" value="21.0.2+13-LTS-58"/>
    <property name="user.name" value="nicol"/>
    <property name="stdout.encoding" value="Cp1252"/>
    <property name="path.separator" value=";"/>
    <property name="os.version" value="10.0"/>
    <property name="java.runtime.name" value="Java(TM) SE Runtime Environment"/>
    <property name="file.encoding" value="UTF-8"/>
    <property name="java.vm.name" value="Java HotSpot(TM) 64-Bit Server VM"/>
    <property name="maven.ext.class.path" value="C:\Program Files\NetBeans-22\netbeans\java\maven-nblib\netbeans-eventspy.jar"/>
    <property name="localRepository" value="C:\Users\nicol\.m2\repository"/>
    <property name="java.vendor.url.bug" value="https://bugreport.java.com/bugreport/"/>
    <property name="java.io.tmpdir" value="C:\Users\nicol\AppData\Local\Temp\"/>
    <property name="java.version" value="21.0.2"/>
    <property name="user.dir" value="C:\Users\nicol\Documents\NetBeansProjects\SolActividad7"/>
    <property name="os.arch" value="amd64"/>
    <property name="java.vm.specification.name" value="Java Virtual Machine Specification"/>
    <property name="sun.os.patch.level" value=""/>
    <property name="native.encoding" value="Cp1252"/>
    <property name="java.library.path" value="C:\Program Files\Java\jdk-21\bin;C:\WINDOWS\Sun\Java\bin;C:\WINDOWS\system32;C:\WINDOWS;C:\Program Files\Common Files\Oracle\Java\javapath;C:\WINDOWS\system32;C:\WINDOWS;C:\WINDOWS\System32\Wbem;C:\WINDOWS\System32\WindowsPowerShell\v1.0\;C:\WINDOWS\System32\OpenSSH\;C:\Program Files\dotnet\;C:\Program Files\Calibre2\;C:\Users\nicol\AppData\Local\Microsoft\WindowsApps;;."/>
    <property name="java.vm.info" value="mixed mode, sharing"/>
    <property name="stderr.encoding" value="Cp1252"/>
    <property name="java.vendor" value="Oracle Corporation"/>
    <property name="java.vm.version" value="21.0.2+13-LTS-58"/>
    <property name="sun.io.unicode.encoding" value="UnicodeLittle"/>
    <property name="java.class.version" value="65.0"/>
  </properties>
  <testcase name="testNORegular" classname="gal.uvigo.esei.aed2.solactividad7.SolActividad7Test" time="0.012">
    <system-out><![CDATA[Test No esRegular
]]></system-out>
  </testcase>
  <testcase name="testNoSumidero" classname="gal.uvigo.esei.aed2.solactividad7.SolActividad7Test" time="0.001">
    <system-out><![CDATA[Test No esSumidero
]]></system-out>
  </testcase>
  <testcase name="testPredecesores1" classname="gal.uvigo.esei.aed2.solactividad7.SolActividad7Test" time="0.001">
    <system-out><![CDATA[Test predecesores
]]></system-out>
  </testcase>
  <testcase name="testEsCicloFalse2" classname="gal.uvigo.esei.aed2.solactividad7.SolActividad7Test" time="0.001">
    <system-out><![CDATA[Test 5 esCiclo
]]></system-out>
  </testcase>
  <testcase name="testSumidero" classname="gal.uvigo.esei.aed2.solactividad7.SolActividad7Test" time="0.0">
    <system-out><![CDATA[Test esSumidero
]]></system-out>
  </testcase>
  <testcase name="testHayCaminoEntreDos" classname="gal.uvigo.esei.aed2.solactividad7.SolActividad7Test" time="0.0">
    <system-out><![CDATA[hayCaminoEntreDos
]]></system-out>
  </testcase>
  <testcase name="testgetOrdenTopologicoVacio" classname="gal.uvigo.esei.aed2.solactividad7.SolActividad7Test" time="0.001">
    <system-out><![CDATA[getOrdenTopologico en gVacio
]]></system-out>
  </testcase>
  <testcase name="testEsConectadoDesdeVertice2" classname="gal.uvigo.esei.aed2.solactividad7.SolActividad7Test" time="0.001">
    <system-out><![CDATA[esConectadoDesdeVertice grafo v1
 Coruña
 Ourense
 Pontevedra
]]></system-out>
  </testcase>
  <testcase name="testEsConectadoDesdeVertice3" classname="gal.uvigo.esei.aed2.solactividad7.SolActividad7Test" time="0.001">
    <system-out><![CDATA[esConectadoDesdeVertice grafo v1
 Coruña
 Ourense
 Pontevedra
 Lugo
]]></system-out>
  </testcase>
  <testcase name="testSumideroVacio" classname="gal.uvigo.esei.aed2.solactividad7.SolActividad7Test" time="0.001">
    <system-out><![CDATA[Test grafo vacío esSumidero
]]></system-out>
  </testcase>
  <testcase name="testEsCicloTrue" classname="gal.uvigo.esei.aed2.solactividad7.SolActividad7Test" time="0.001">
    <system-out><![CDATA[Test 2 esCiclo
]]></system-out>
  </testcase>
  <testcase name="testSiRegular" classname="gal.uvigo.esei.aed2.solactividad7.SolActividad7Test" time="0.0">
    <system-out><![CDATA[Test esRegular
]]></system-out>
  </testcase>
  <testcase name="testEsCicloFalse" classname="gal.uvigo.esei.aed2.solactividad7.SolActividad7Test" time="0.0">
    <system-out><![CDATA[Test esCiclo
]]></system-out>
  </testcase>
  <testcase name="testEsCicloTrue2" classname="gal.uvigo.esei.aed2.solactividad7.SolActividad7Test" time="0.001">
    <system-out><![CDATA[Test 3 esCiclo
]]></system-out>
  </testcase>
  <testcase name="testEsCicloTrue3" classname="gal.uvigo.esei.aed2.solactividad7.SolActividad7Test" time="0.001">
    <system-out><![CDATA[Test 4 esCiclo
]]></system-out>
  </testcase>
  <testcase name="testVacioRegular" classname="gal.uvigo.esei.aed2.solactividad7.SolActividad7Test" time="0.0">
    <system-out><![CDATA[Test grafo vacío esRegular
]]></system-out>
  </testcase>
  <testcase name="testgetOrdenTopologico2" classname="gal.uvigo.esei.aed2.solactividad7.SolActividad7Test" time="0.001">
    <system-out><![CDATA[getOrdenTopologico en grafo 
]]></system-out>
  </testcase>
  <testcase name="testEsConectadoDesdeVertice" classname="gal.uvigo.esei.aed2.solactividad7.SolActividad7Test" time="0.001">
    <system-out><![CDATA[esConectadoDesdeVertice, grafo vacio
 Coruña
]]></system-out>
  </testcase>
  <testcase name="testgetOrdenTopologico" classname="gal.uvigo.esei.aed2.solactividad7.SolActividad7Test" time="0.0">
    <system-out><![CDATA[getOrdenTopologico en grafo 
]]></system-out>
  </testcase>
</testsuite>